2025-09-17 19:46:53,632 [INFO] Starting JANA app
2025-09-17 19:46:53,645 [INFO] Using device: cpu
2025-09-17 19:47:02,201 [INFO] Starting JANA app
2025-09-17 19:47:02,209 [INFO] Using device: cpu
2025-09-17 19:47:23,437 [INFO] Starting JANA app
2025-09-17 19:47:23,437 [INFO] Using device: cpu
2025-09-17 19:47:26,516 [INFO] Starting JANA app
2025-09-17 19:47:26,522 [INFO] Using device: cpu
2025-09-17 19:47:27,461 [INFO] Translated (no force) and cached
2025-09-17 20:27:02,202 [INFO] Starting JANA app
2025-09-17 20:27:02,223 [INFO] Using device: cpu
2025-09-17 20:28:57,292 [INFO] Starting JANA app
2025-09-17 20:28:57,296 [INFO] Using device: cpu
2025-09-17 20:28:59,671 [INFO] Starting JANA app
2025-09-17 20:28:59,677 [INFO] Using device: cpu
2025-09-17 20:29:00,553 [WARNING] Output not Japanese, retrying: Hello, I am arjun
2025-09-17 20:29:01,231 [INFO] Translated and cached
2025-09-17 20:29:18,861 [INFO] Starting JANA app
2025-09-17 20:29:18,870 [INFO] Using device: cpu
2025-09-17 20:29:30,193 [INFO] Starting JANA app
2025-09-17 20:29:30,198 [INFO] Using device: cpu
2025-09-17 20:29:31,845 [INFO] Starting JANA app
2025-09-17 20:29:31,857 [INFO] Using device: cpu
2025-09-17 20:29:32,499 [WARNING] Output not Japanese, retrying: Hello, I am arjun
2025-09-17 20:29:33,171 [INFO] Translated and cached
2025-09-17 20:32:33,820 [INFO] Starting JANA app
2025-09-17 20:32:33,830 [INFO] Using device: cpu
2025-09-17 20:32:45,362 [INFO] Starting JANA app
2025-09-17 20:32:45,367 [INFO] Using device: cpu
2025-09-17 20:32:46,217 [INFO] Starting JANA app
2025-09-17 20:32:46,225 [INFO] Using device: cpu
2025-09-17 20:32:46,919 [WARNING] Output not Japanese, retrying: 
2025-09-17 20:32:47,201 [INFO] Translated and cached
2025-09-17 20:48:26,097 [INFO] Starting JANA app
2025-09-17 20:48:26,108 [INFO] Using device: cpu
2025-09-17 20:48:27,887 [INFO] Starting JANA app
2025-09-17 20:48:27,896 [INFO] Using device: cpu
2025-09-17 20:48:36,138 [INFO] Starting JANA app
2025-09-17 20:48:36,138 [INFO] Using device: cpu
2025-09-17 20:48:37,746 [INFO] Starting JANA app
2025-09-17 20:48:37,754 [INFO] Using device: cpu
2025-09-17 20:48:47,212 [INFO] Starting JANA app
2025-09-17 20:48:47,212 [INFO] Using device: cpu
2025-09-17 20:48:52,105 [INFO] Starting JANA app
2025-09-17 20:48:52,113 [INFO] Using device: cpu
2025-09-17 20:48:52,293 [INFO] Starting JANA app
2025-09-17 20:48:52,301 [INFO] Using device: cpu
2025-09-17 20:48:52,477 [INFO] Starting JANA app
2025-09-17 20:48:52,483 [INFO] Using device: cpu
2025-09-17 20:48:53,738 [INFO] Starting JANA app
2025-09-17 20:48:53,739 [INFO] Using device: cpu
2025-09-17 20:48:53,933 [INFO] Starting JANA app
2025-09-17 20:48:53,944 [INFO] Using device: cpu
2025-09-17 20:48:54,096 [INFO] Starting JANA app
2025-09-17 20:48:54,097 [INFO] Using device: cpu
2025-09-17 20:48:54,231 [INFO] Starting JANA app
2025-09-17 20:48:54,239 [INFO] Using device: cpu
2025-09-17 20:48:54,375 [INFO] Starting JANA app
2025-09-17 20:48:54,384 [INFO] Using device: cpu
2025-09-17 20:48:54,516 [INFO] Starting JANA app
2025-09-17 20:48:54,522 [INFO] Using device: cpu
2025-09-17 20:48:54,643 [INFO] Starting JANA app
2025-09-17 20:48:54,658 [INFO] Using device: cpu
2025-09-17 20:48:54,786 [INFO] Starting JANA app
2025-09-17 20:48:54,794 [INFO] Using device: cpu
2025-09-17 20:48:54,921 [INFO] Starting JANA app
2025-09-17 20:48:54,924 [INFO] Using device: cpu
2025-09-17 20:48:55,055 [INFO] Starting JANA app
2025-09-17 20:48:55,063 [INFO] Using device: cpu
2025-09-17 20:48:55,196 [INFO] Starting JANA app
2025-09-17 20:48:55,205 [INFO] Using device: cpu
2025-09-17 20:48:55,336 [INFO] Starting JANA app
2025-09-17 20:48:55,341 [INFO] Using device: cpu
2025-09-17 20:48:55,498 [INFO] Starting JANA app
2025-09-17 20:48:55,509 [INFO] Using device: cpu
2025-09-17 20:48:55,664 [INFO] Starting JANA app
2025-09-17 20:48:55,675 [INFO] Using device: cpu
2025-09-17 20:48:55,843 [INFO] Starting JANA app
2025-09-17 20:48:55,843 [INFO] Using device: cpu
2025-09-17 20:48:56,073 [INFO] Starting JANA app
2025-09-17 20:48:56,081 [INFO] Using device: cpu
2025-09-17 20:48:56,254 [INFO] Starting JANA app
2025-09-17 20:48:56,262 [INFO] Using device: cpu
2025-09-17 20:48:56,417 [INFO] Starting JANA app
2025-09-17 20:48:56,426 [INFO] Using device: cpu
2025-09-17 20:48:56,631 [INFO] Starting JANA app
2025-09-17 20:48:56,642 [INFO] Using device: cpu
2025-09-17 20:48:56,824 [INFO] Starting JANA app
2025-09-17 20:48:56,832 [INFO] Using device: cpu
2025-09-17 20:48:57,057 [INFO] Starting JANA app
2025-09-17 20:48:57,065 [INFO] Using device: cpu
2025-09-17 20:48:57,419 [INFO] Starting JANA app
2025-09-17 20:48:57,427 [INFO] Using device: cpu
2025-09-17 20:48:58,059 [INFO] Starting JANA app
2025-09-17 20:48:58,059 [INFO] Using device: cpu
2025-09-17 20:48:58,226 [INFO] Starting JANA app
2025-09-17 20:48:58,226 [INFO] Using device: cpu
2025-09-17 20:48:58,395 [INFO] Starting JANA app
2025-09-17 20:48:58,405 [INFO] Using device: cpu
2025-09-17 20:48:58,580 [INFO] Starting JANA app
2025-09-17 20:48:58,600 [INFO] Using device: cpu
2025-09-17 20:48:58,861 [INFO] Starting JANA app
2025-09-17 20:48:58,871 [INFO] Using device: cpu
2025-09-17 20:48:59,063 [INFO] Starting JANA app
2025-09-17 20:48:59,075 [INFO] Using device: cpu
2025-09-17 20:48:59,938 [INFO] Starting JANA app
2025-09-17 20:48:59,938 [INFO] Using device: cpu
2025-09-17 20:49:01,674 [INFO] Starting JANA app
2025-09-17 20:49:01,681 [INFO] Using device: cpu
2025-09-17 20:49:02,115 [INFO] Starting JANA app
2025-09-17 20:49:02,133 [INFO] Using device: cpu
2025-09-17 20:49:03,493 [INFO] Starting JANA app
2025-09-17 20:49:03,501 [INFO] Using device: cpu
2025-09-17 20:57:04,825 [INFO] Starting JANA app
2025-09-17 20:57:04,833 [INFO] Using device: cpu
2025-09-17 20:57:13,193 [INFO] Starting JANA app
2025-09-17 20:57:13,195 [INFO] Using device: cpu
2025-09-17 20:57:15,111 [INFO] Starting JANA app
2025-09-17 20:57:15,111 [INFO] Using device: cpu
2025-09-17 20:57:15,123 [INFO] Cache hit
2025-09-17 20:57:21,055 [INFO] Starting JANA app
2025-09-17 20:57:21,063 [INFO] Using device: cpu
2025-09-17 20:57:22,888 [INFO] Starting JANA app
2025-09-17 20:57:22,898 [INFO] Using device: cpu
2025-09-17 20:57:22,898 [INFO] Cache hit
2025-09-17 21:06:23,165 [INFO] Starting JANA app
2025-09-17 21:06:23,176 [INFO] Using device: cpu
2025-09-17 21:06:30,380 [INFO] Starting JANA app
2025-09-17 21:06:30,386 [INFO] Using device: cpu
2025-09-17 21:06:31,681 [INFO] Starting JANA app
2025-09-17 21:06:31,681 [INFO] Using device: cpu
2025-09-17 21:06:31,694 [INFO] Cache hit
2025-09-17 21:10:21,886 [INFO] Starting JANA app
2025-09-17 21:10:21,894 [INFO] Using device: cpu
2025-09-17 21:10:26,744 [INFO] Starting JANA app
2025-09-17 21:10:26,753 [INFO] Using device: cpu
2025-09-17 21:10:28,385 [INFO] Starting JANA app
2025-09-17 21:10:28,392 [INFO] Using device: cpu
2025-09-17 21:10:28,398 [INFO] Cache hit
2025-09-17 21:10:59,260 [INFO] Starting JANA app
2025-09-17 21:10:59,265 [INFO] Using device: cpu
2025-09-17 21:11:08,746 [INFO] Starting JANA app
2025-09-17 21:11:08,757 [INFO] Using device: cpu
2025-09-17 21:11:12,466 [INFO] Starting JANA app
2025-09-17 21:11:12,473 [INFO] Using device: cpu
2025-09-17 21:11:52,730 [INFO] Translated and cached: \u0924\u0941\u092e\u094d\u0939\u093e\u0930\u0947 \u0938\u094d\u0935\u093e\u0938\u094d\u0925\u094d\u092f \u0915\u0947 \u092c\u093e\u0930\u0947 \u092e\u0947\u0902 \u092a\u094d\u0930\u093f\u092f \u092a\u094d\u0930\u092e\u0924\u094d\u0930, \u092e\u0941\u091d\u0947 \u0916\u092c\u0930 \u092a\u094d\u0930\u092e\u0932\u0940 \u092a\u094d\u0930\u0915 \u0924\u0941\u092e \u092c\u0940\u092e\u093e\u0930 \u0939\u094b\u0964 \u092e\u0941\u091d\u0947 \u092c\u0939\u0941\u0924 \u0926\u0941\u0941\u0903\u0916 \u0939\u0941\u0906 \u091c\u092c \u092e\u0948\u0902\u0928\u0947 \u092f\u0939 \u0938\u0941\u0928\u093e\u0964 \u092e\u0948\u0902 \u0906\u0936\u093e \u0915\u0930\u0924\u093e/\u0915\u0930\u0924\u0940 \u0939\u0942\u0901 \u092a\u094d\u0930\u0915 \u0924\u0941\u092e \u091c\u0932\u094d\u0926\u0940 \u0938\u0947 \u0920\u0940\u0915 \u0939\u094b \u091c\u093e\u0913\u0964 \u0924\u0941\u092e\u094d\u0939\u093e\u0930\u0947 \u0938\u094d\u0935\u093e\u0938\u094d\u0925\u094d\u092f \u0915\u0947 \u092c\u093e\u0930\u0947 \u092e\u0947\u0902 \u0938\u0941\u0928\u0915\u0930 \u092e\u0941\u091d\u0947 \u092c\u0939\u0941\u0924 \u092a\u094d\u0930 \u093f\u0902\u0924\u093e \u0939\u0941\u0908\u0964 \u0905\u092a\u0928\u0940 \u0926\u0947\u0916\u092d\u093e\u0932 \u0915\u0930\u094b \u0914\u0930 \u0921\u0949\u0915\u094d\u091f\u0930 \u0915\u0940 \u0938\u0932\u093e\u0939 \u0915\u093e \u092a\u093e\u0932\u0928 \u0915\u0930\u094b\u0964 \u092e\u0948\u0902 \u0924\u0941\u092e\u094d\u0939\u093e\u0930\u0947 \u092a\u094d\u0930\u0932\u090f \u0926\u0941\u0906 \u0915\u0930\u0924\u093e/\u0915\u0930\u0924\u0940 \u0939\u0942\u0901 \u092a\u094d\u0930\u0915 \u0924\u0941\u092e\u094d\u0939\u093e\u0930\u0940 \u091c\u0932\u094d\u0926\u0940 \u0920\u0940\u0915 \u0939\u094b \u091c\u093e\u090f\u0964 \u0905\u0917\u0930 \u0924\u0941\u092e\u094d\u0939\u0947\u0902 \u0915\u094b\u0908 \u092d\u0940 \u091c\u0930\u0942\u0930\u0924 \u0939\u094b, \u0924\u094b \u0915 \u0943 \u092a\u092f\u093e \u092e\u0941\u091d\u0938\u0947 \u0938\u093f\u0902\u092a\u0915 \u0915 \u0915\u0930\u0928\u093e\u0964 \u092e\u0948\u0902 \u0939\u092e\u0947\u0936\u093e \u0924\u0941\u092e\u094d\u0939\u093e\u0930\u0947 \u0938\u093e\u0925 \u0939\u0942\u0901\u0964 \u092a\u094d\u092f\u093e\u0930 \u0938\u0947, [\u0924\u0947\u0930\u093e \u0928\u093e\u092e] -> \u304a\u524d\u306e\u5065\u5eb7\u306b\u3064\u3044\u3066 \u304a\u524d\u306e\u5065\u5eb7\u306b\u3064\u3044\u3066 \u304a\u524d\u306e\u5065\u5eb7\u306b\u3064\u3044\u3066 \u304a\u524d\u306e\u5065\u5eb7\u306b\u3064\u3044\u3066 \u304a\u524d\u306e\u5065\u5eb7\u306b\u3064\u3044\u3066 \u304a\u524d\u306e\u5065\u5eb7\u306b\u3064\u3044\u3066 \u304a\u524d\u306e\u5065\u5eb7\u306b\u3064\u3044\u3066 \u304a\u524d\u306e\u5065\u5eb7\u306b\u3064\u3044\u3066 \u304a\u524d\u306e\u5065\u5eb7\u306b\u3064\u3044\u3066 \u304a\u524d\u306e\u5065\u5eb7\u306b\u3064\u3044\u3066 \u304a\u524d\u306e\u5065\u5eb7\u306b\u3064\u3044\u3066 \u304a\u524d\u306e\u5065\u5eb7\u306b\u3064\u3044\u3066 \u304a\u524d\u306e\u5065\u5eb7\u306b\u3064\u3044\u3066 \u304a\u524d\u306e\u5065\u5eb7\u306b\u3064\u3044\u3066 \u304a\u9858\u3044\u3057\u307e\u3059 \u304a\u524d\u306e\u5065\u5eb7\u306b\u3064\u3044\u3066 \u304a\u524d\u306e\u5065\u5eb7\u306b\u3064\u3044\u3066 \u304a\u524d\u306e\u5065\u5eb7\u306b\u3064\u3044\u3066 \u304a\u524d\u306e\u5065\u5eb7\u306b\u3064\u3044\u3066 \u304a\u524d\u306e\u5065\u5eb7\u306b\u3064\u3044\u3066 \u304a\u524d\u306e\u5065\u5eb7\u306b\u3064\u3044\u3066 \u304a\u524d\u306e\u5065\u5eb7\u306b\u3064\u3044\u3066 \u304a\u524d\u306e\u5065\u5eb7\u306b\u3064\u3044\u3066 \u304a\u524d\u306e\u5065\u5eb7\u306b\u3064\u3044\u3066 \u304a\u524d\u306e\u5065\u5eb7\u306b\u3064\u3044\u3066 \u304a\u524d\u306e\u5065\u5eb7\u306b\u3064\u3044\u3066 \u304a\u524d\u306e\u5065\u5eb7\u306b\u3064\u3044\u3066 \u304a\u524d\u306e\u5065\u5eb7\u306b\u3064\u3044\u3066 \u304a\u524d\u306e\u5065\u5eb7\u306b\u3064\u3044\u3066 \u304a\u524d\u306e\u5065\u5eb7\u306b\u3064\u3044\u3066 \u304a\u524d\u306e\u5065\u5eb7\u306b\u3064\u3044\u3066 \u304a\u524d\u306e\u5065\u5eb7\u306b\u3064\u3044\u3066 \u304a\u524d\u306e\u5065\u5eb7\u306b\u3064\u3044\u3066 \u304a\u524d\u306e\u5065\u5eb7\u306b\u3064\u3044\u3066 \u304a\u524d\u306e\u5065\u5eb7\u306b\u3064\u3044\u3066 \u304a\u524d\u306e\u5065\u5eb7\u306b\u3064\u3044\u3066 \u304a\u524d\u306e\u5065\u5eb7\u306b\u3064\u3044\u3066 \u304a\u9858\u3044\u3057\u307e\u3059 \u304a\u524d\u306e\u5065\u5eb7\u306b\u3064\u3044\u3066 \u304a\u524d\u306e\u5065\u5eb7\u306b\u3064\u3044\u3066 \u304a\u524d\u306e\u5065\u5eb7\u306b\u3064\u3044\u3066 \u304a\u524d\u306e\u5065\u5eb7\u306b\u3064\u3044\u3066 \u304a\u9858\u3044\u3057\u307e\u3059 \u304a\u524d\u306e\u5065\u5eb7\u306b\u3064\u3044\u3066 \u304a\u524d\u306e\u5065\u5eb7\u306b\u3064\u3044\u3066 \u304a\u9858\u3044\u3057\u307e\u3059 \u304a\u524d\u306e\u5065\u5eb7\u306b\u3064\u3044\u3066 \u304a\u9858\u3044\u3057\u307e\u3059 \u304a\u9858\u3044\u3057\u305f\u3044\u306a\u3089 \u304a\u9858\u3044\u3057\u305f\u3044\u306a\u3089 \u304a\u9858\u3044\u3057\u305f\u3044
2025-09-17 21:14:49,921 [INFO] Starting JANA app
2025-09-17 21:14:49,929 [INFO] Using device: cpu
2025-09-17 21:14:53,756 [INFO] Starting JANA app
2025-09-17 21:14:53,763 [INFO] Using device: cpu
2025-09-17 21:14:54,927 [INFO] Starting JANA app
2025-09-17 21:14:54,932 [INFO] Using device: cpu
2025-09-17 21:15:07,046 [INFO] Translated and cached: Sample English text is commonly used across various fields such as design, publishing, education, and software development to demonstrate or preview layouts, formats, or functionalities before final content is added. -> \u30c7\u30b6\u30a4\u30f3,\u51fa\u7248,\u6559\u80b2,\u30bd\u30d5\u30c8\u30a6\u30a7\u30a2\u958b\u767a\u306a\u3069\u306e\u69d8\u3005\u306a\u5206\u91ce\u3067\u306f,\u6700\u7d42\u7684\u306a\u30b3\u30f3\u30c6\u30f3\u30c4\u304c\u8ffd\u52a0\u3055\u308c\u308b\u524d\u306b\u30ec\u30a4\u30a2\u30a6\u30c8,\u30d5\u30a9\u30fc\u30de\u30c3\u30c8,\u307e\u305f\u306f\u6a5f\u80fd\u3092\u793a\u3057\u305f\u308a,\u30d7\u30ec\u30d3\u30e5\u30fc\u3057\u305f\u308a\u3059\u308b\u305f\u3081\u306b\u82f1\u8a9e\u306e\u30b5\u30f3\u30d7\u30eb\u30c6\u30ad\u30b9\u30c8\u304c\u4e00\u822c\u7684\u306b\u4f7f\u7528\u3055\u308c\u307e\u3059.
2025-09-17 21:15:13,555 [INFO] Translated and cached: This placeholder content is typically generic and lacks significant meaning. -> \u3053\u306e\u30d7\u30ec\u30b9\u30db\u30eb\u30c0\u30fc\u30b3\u30f3\u30c6\u30f3\u30c4\u306f\u4e00\u822c\u7684\u306b\u4e00\u822c\u7684\u306a\u3082\u306e\u3067\u3042\u308a,\u91cd\u8981\u306a\u610f\u5473\u304c\u306a\u3044.
2025-09-17 21:15:22,904 [INFO] Translated and cached: One widely recognized form of sample text is Lorem Ipsum, a pseudo-Latin text that has been used since the 1500s. -> \u6a19\u672c\u30c6\u30ad\u30b9\u30c8\u306e\u4e00\u7a2e\u3068\u3057\u3066\u5e83\u304f\u8a8d\u8b58\u3055\u308c\u3066\u3044\u308b\u306e\u304c\u30ed\u30ec\u30e0\u30fb\u30a4\u30d7\u30b5\u30e0 (Lorem Ipsum), 1500\u5e74\u4ee3\u304b\u3089\u4f7f\u7528\u3055\u308c\u3066\u3044\u308b\u507d\u30e9\u30c6\u30f3\u8a9e\u30c6\u30ad\u30b9\u30c8\u3067\u3059.
2025-09-17 21:24:34,936 [INFO] Starting JANA app
2025-09-17 21:24:34,944 [INFO] Using device: cpu
2025-09-17 21:25:04,194 [INFO] Starting JANA app
2025-09-17 21:25:04,204 [INFO] Using device: cpu
2025-09-17 21:25:07,522 [INFO] Starting JANA app
2025-09-17 21:25:07,531 [INFO] Using device: cpu
2025-09-17 21:25:07,668 [INFO] Starting JANA app
2025-09-17 21:25:07,681 [INFO] Using device: cpu
2025-09-17 21:27:55,031 [INFO] Starting JANA app
2025-09-17 21:27:55,038 [INFO] Using device: cpu
2025-09-17 21:27:56,438 [INFO] Starting JANA app
2025-09-17 21:27:56,446 [INFO] Using device: cpu
2025-09-17 21:28:21,220 [INFO] Starting JANA app
2025-09-17 21:28:21,238 [INFO] Using device: cpu
2025-09-17 21:28:28,233 [INFO] Starting JANA app
2025-09-17 21:28:28,239 [INFO] Using device: cpu
2025-09-17 21:28:32,009 [INFO] Starting JANA app
2025-09-17 21:28:32,020 [INFO] Using device: cpu
2025-09-17 21:28:41,647 [INFO] Starting JANA app
2025-09-17 21:28:41,656 [INFO] Using device: cpu
2025-09-17 21:29:26,609 [INFO] Starting JANA app
2025-09-17 21:29:26,612 [INFO] Using device: cpu
2025-09-17 21:29:28,888 [INFO] Starting JANA app
2025-09-17 21:29:28,888 [INFO] Using device: cpu
2025-09-17 21:33:20,236 [INFO] Starting JANA app
2025-09-17 21:33:20,241 [INFO] Using device: cpu
2025-09-17 21:33:20,384 [INFO] Starting JANA app
2025-09-17 21:33:20,390 [INFO] Using device: cpu
2025-09-17 21:34:06,211 [INFO] Starting JANA app
2025-09-17 21:34:06,220 [INFO] Using device: cpu
2025-09-17 21:34:06,361 [INFO] Starting JANA app
2025-09-17 21:34:06,369 [INFO] Using device: cpu
2025-09-17 21:35:28,847 [INFO] Starting JANA app
2025-09-17 21:35:28,855 [INFO] Using device: cpu
2025-09-17 21:35:34,280 [INFO] Starting JANA app
2025-09-17 21:35:34,288 [INFO] Using device: cpu
2025-09-17 21:35:34,419 [INFO] Starting JANA app
2025-09-17 21:35:34,434 [INFO] Using device: cpu
2025-09-17 23:20:01,260 [INFO] Starting JANA app
2025-09-17 23:20:01,296 [INFO] Using device: cpu
2025-09-17 23:20:32,347 [INFO] Starting JANA app
2025-09-17 23:20:32,353 [INFO] Using device: cpu
2025-09-17 23:23:10,431 [INFO] Starting JANA app
2025-09-17 23:23:10,441 [INFO] Using device: cpu
2025-09-17 23:24:05,033 [INFO] Starting JANA app
2025-09-17 23:24:05,050 [INFO] Using device: cpu
2025-09-17 23:24:17,099 [INFO] Starting JANA app
2025-09-17 23:24:17,112 [INFO] Using device: cpu
